TN:
SF:/Users/gregor/work/trainings/angular-advanced-starter/src/polyfills.ts
FNF:0
FNH:0
DA:73,1
LF:1
LH:1
BRF:0
BRH:0
end_of_record
TN:
SF:/Users/gregor/work/trainings/angular-advanced-starter/src/test.ts
FNF:0
FNH:0
DA:3,1
DA:4,1
DA:5,1
DA:13,1
DA:18,1
DA:20,1
LF:6
LH:6
BRF:0
BRH:0
end_of_record
TN:
SF:/Users/gregor/work/trainings/angular-advanced-starter/src/app/app.component.ts
FN:12,(anonymous_0)
FN:16,AppComponent
FN:22,(anonymous_2)
FN:24,(anonymous_3)
FN:29,(anonymous_4)
FNF:5
FNH:4
FNDA:1,(anonymous_0)
FNDA:3,AppComponent
FNDA:1,(anonymous_2)
FNDA:0,(anonymous_3)
FNDA:2,(anonymous_4)
DA:1,1
DA:2,1
DA:3,1
DA:4,1
DA:12,1
DA:13,4
DA:14,3
DA:16,3
DA:17,3
DA:18,3
DA:19,3
DA:22,1
DA:23,1
DA:24,0
DA:29,1
DA:30,2
DA:33,1
LF:17
LH:16
BRF:0
BRH:0
end_of_record
TN:
SF:/Users/gregor/work/trainings/angular-advanced-starter/src/app/core/animations/fade-in-animation.ts
FNF:0
FNH:0
DA:1,1
DA:3,1
LF:2
LH:2
BRF:0
BRH:0
end_of_record
TN:
SF:/Users/gregor/work/trainings/angular-advanced-starter/src/app/customers/customer.model.ts
FN:3,(anonymous_0)
FN:11,(anonymous_2)
FNF:2
FNH:2
FNDA:2,(anonymous_0)
FNDA:1,(anonymous_2)
DA:1,1
DA:3,1
DA:6,1
DA:11,2
DA:12,1
DA:14,1
DA:21,1
LF:7
LH:7
BRDA:11,0,0,1
BRDA:11,0,1,0
BRF:2
BRH:1
end_of_record
TN:
SF:/Users/gregor/work/trainings/angular-advanced-starter/src/app/customers/customer.service.ts
FN:9,(anonymous_0)
FN:12,CustomerService
FN:14,(anonymous_2)
FN:23,(anonymous_3)
FN:27,(anonymous_4)
FN:31,(anonymous_5)
FN:35,(anonymous_6)
FNF:7
FNH:2
FNDA:1,(anonymous_0)
FNDA:1,CustomerService
FNDA:0,(anonymous_2)
FNDA:0,(anonymous_3)
FNDA:0,(anonymous_4)
FNDA:0,(anonymous_5)
FNDA:0,(anonymous_6)
DA:1,1
DA:2,1
DA:3,1
DA:9,1
DA:10,1
DA:12,1
DA:14,1
DA:16,0
DA:20,0
DA:23,1
DA:24,0
DA:27,1
DA:28,0
DA:31,1
DA:32,0
DA:35,1
DA:36,0
DA:38,1
LF:18
LH:12
BRDA:14,0,0,0
BRDA:14,0,1,0
BRDA:17,1,0,0
BRDA:17,1,1,0
BRF:4
BRH:0
end_of_record
TN:
SF:/Users/gregor/work/trainings/angular-advanced-starter/src/app/customers/customer/customer.component.ts
FN:10,(anonymous_0)
FN:19,CustomerComponent
FN:21,(anonymous_2)
FN:24,(anonymous_3)
FN:28,(anonymous_4)
FN:32,(anonymous_5)
FNF:6
FNH:3
FNDA:1,(anonymous_0)
FNDA:1,CustomerComponent
FNDA:1,(anonymous_2)
FNDA:0,(anonymous_3)
FNDA:0,(anonymous_4)
FNDA:0,(anonymous_5)
DA:1,1
DA:2,1
DA:3,1
DA:10,1
DA:11,2
DA:13,1
DA:15,2
DA:17,1
DA:19,1
DA:21,1
DA:24,1
DA:25,0
DA:28,1
DA:29,0
DA:32,1
DA:33,0
DA:35,1
LF:17
LH:14
BRF:0
BRH:0
end_of_record
TN:
SF:/Users/gregor/work/trainings/angular-advanced-starter/src/app/customers/customer-details/customer-details.component.ts
FN:8,(anonymous_0)
FN:9,CustomerDetailsComponent
FN:11,(anonymous_2)
FNF:3
FNH:3
FNDA:1,(anonymous_0)
FNDA:1,CustomerDetailsComponent
FNDA:1,(anonymous_2)
DA:1,1
DA:8,1
DA:11,1
DA:14,1
LF:4
LH:4
BRF:0
BRH:0
end_of_record
TN:
SF:/Users/gregor/work/trainings/angular-advanced-starter/src/app/customers/customer-form/customer-form.component.ts
FN:14,(anonymous_0)
FN:17,CustomerFormComponent
FN:24,(anonymous_2)
FN:29,(anonymous_3)
FN:30,(anonymous_4)
FN:31,(anonymous_5)
FN:33,(anonymous_6)
FN:38,(anonymous_7)
FN:44,(anonymous_8)
FN:52,(anonymous_9)
FNF:10
FNH:3
FNDA:1,(anonymous_0)
FNDA:1,CustomerFormComponent
FNDA:1,(anonymous_2)
FNDA:0,(anonymous_3)
FNDA:0,(anonymous_4)
FNDA:0,(anonymous_5)
FNDA:0,(anonymous_6)
FNDA:0,(anonymous_7)
FNDA:0,(anonymous_8)
FNDA:0,(anonymous_9)
DA:1,1
DA:3,1
DA:4,1
DA:5,1
DA:6,1
DA:7,1
DA:14,1
DA:18,1
DA:19,1
DA:20,1
DA:21,1
DA:24,1
DA:25,1
DA:27,1
DA:29,0
DA:30,0
DA:31,0
DA:34,0
DA:38,1
DA:39,0
DA:40,0
DA:44,0
DA:45,0
DA:48,0
DA:52,1
DA:53,0
DA:55,1
LF:27
LH:17
BRDA:41,0,0,0
BRDA:41,0,1,0
BRF:2
BRH:0
end_of_record
TN:
SF:/Users/gregor/work/trainings/angular-advanced-starter/src/app/customers/customer-list/customer-list.component.ts
FN:14,(anonymous_0)
FN:21,CustomerListComponent
FN:26,(anonymous_2)
FN:36,(anonymous_3)
FN:37,(anonymous_4)
FN:43,(anonymous_5)
FN:47,(anonymous_6)
FN:48,(anonymous_7)
FNF:8
FNH:5
FNDA:1,(anonymous_0)
FNDA:1,CustomerListComponent
FNDA:1,(anonymous_2)
FNDA:1,(anonymous_3)
FNDA:1,(anonymous_4)
FNDA:0,(anonymous_5)
FNDA:0,(anonymous_6)
FNDA:0,(anonymous_7)
DA:1,1
DA:2,1
DA:3,1
DA:4,1
DA:5,1
DA:7,1
DA:14,1
DA:16,1
DA:19,1
DA:22,1
DA:23,1
DA:26,1
DA:27,1
DA:33,1
DA:36,1
DA:38,1
DA:43,1
DA:44,0
DA:47,1
DA:48,0
DA:50,1
LF:21
LH:19
BRF:0
BRH:0
end_of_record
TN:
SF:/Users/gregor/work/trainings/angular-advanced-starter/src/app/home/home.component.ts
FN:11,(anonymous_0)
FN:20,HomeComponent
FN:24,(anonymous_2)
FN:28,(anonymous_3)
FN:32,(anonymous_4)
FN:36,(anonymous_5)
FN:40,(anonymous_6)
FN:46,(anonymous_7)
FN:50,(anonymous_8)
FN:55,(anonymous_9)
FN:60,(anonymous_10)
FN:61,(anonymous_11)
FN:62,(anonymous_12)
FNF:13
FNH:1
FNDA:1,(anonymous_0)
FNDA:0,HomeComponent
FNDA:0,(anonymous_2)
FNDA:0,(anonymous_3)
FNDA:0,(anonymous_4)
FNDA:0,(anonymous_5)
FNDA:0,(anonymous_6)
FNDA:0,(anonymous_7)
FNDA:0,(anonymous_8)
FNDA:0,(anonymous_9)
FNDA:0,(anonymous_10)
FNDA:0,(anonymous_11)
FNDA:0,(anonymous_12)
DA:1,1
DA:2,1
DA:3,1
DA:4,1
DA:11,1
DA:13,0
DA:14,0
DA:15,0
DA:18,1
DA:20,0
DA:21,0
DA:22,0
DA:24,1
DA:25,0
DA:28,1
DA:29,0
DA:32,1
DA:33,0
DA:36,1
DA:37,0
DA:40,1
DA:41,0
DA:46,0
DA:47,0
DA:50,0
DA:51,0
DA:55,1
DA:56,0
DA:61,0
DA:62,0
DA:65,1
LF:31
LH:13
BRF:0
BRH:0
end_of_record
TN:
SF:/Users/gregor/work/trainings/angular-advanced-starter/src/app/home/message.service.ts
FN:7,(anonymous_0)
FN:15,MessageService
FN:17,(anonymous_2)
FNF:3
FNH:2
FNDA:1,(anonymous_0)
FNDA:2,MessageService
FNDA:0,(anonymous_2)
DA:1,1
DA:2,1
DA:7,1
DA:10,2
DA:13,2
DA:17,1
DA:18,0
DA:20,1
LF:8
LH:7
BRF:0
BRH:0
end_of_record
TN:
SF:/Users/gregor/work/trainings/angular-advanced-starter/src/app/home/info-box/info-box.component.ts
FN:10,(anonymous_0)
FN:30,InfoBoxComponent
FN:24,(anonymous_2)
FN:20,(anonymous_3)
FN:32,(anonymous_4)
FN:33,(anonymous_5)
FN:37,(anonymous_6)
FN:51,(anonymous_7)
FN:55,(anonymous_8)
FNF:9
FNH:5
FNDA:1,(anonymous_0)
FNDA:1,InfoBoxComponent
FNDA:2,(anonymous_2)
FNDA:0,(anonymous_3)
FNDA:1,(anonymous_4)
FNDA:0,(anonymous_5)
FNDA:0,(anonymous_6)
FNDA:1,(anonymous_7)
FNDA:0,(anonymous_8)
DA:1,1
DA:3,1
DA:10,1
DA:17,1
DA:20,2
DA:21,0
DA:25,2
DA:28,2
DA:30,1
DA:32,1
DA:33,1
DA:34,1
DA:37,1
DA:38,0
DA:39,0
DA:42,0
DA:43,0
DA:46,0
DA:47,0
DA:51,1
DA:52,1
DA:55,1
DA:56,0
DA:59,1
LF:24
LH:16
BRDA:38,0,0,0
BRDA:38,0,1,0
BRDA:42,1,0,0
BRDA:42,1,1,0
BRDA:46,2,0,0
BRDA:46,2,1,0
BRDA:46,3,0,0
BRDA:46,3,1,0
BRDA:52,4,0,1
BRDA:52,4,1,1
BRF:10
BRH:2
end_of_record
TN:
SF:/Users/gregor/work/trainings/angular-advanced-starter/src/app/home/info-item/info-item.component.ts
FN:8,(anonymous_0)
FN:24,InfoItemComponent
FN:15,(anonymous_2)
FN:19,(anonymous_3)
FN:26,(anonymous_4)
FNF:5
FNH:1
FNDA:1,(anonymous_0)
FNDA:0,InfoItemComponent
FNDA:0,(anonymous_2)
FNDA:0,(anonymous_3)
FNDA:0,(anonymous_4)
DA:1,1
DA:8,1
DA:12,1
DA:15,2
DA:16,0
DA:20,0
DA:21,0
DA:26,1
DA:29,1
LF:9
LH:6
BRF:0
BRH:0
end_of_record
TN:
SF:/Users/gregor/work/trainings/angular-advanced-starter/src/app/products/products.component.ts
FN:8,(anonymous_0)
FN:9,ProductsComponent
FN:11,(anonymous_2)
FNF:3
FNH:3
FNDA:1,(anonymous_0)
FNDA:1,ProductsComponent
FNDA:1,(anonymous_2)
DA:1,1
DA:8,1
DA:11,1
DA:14,1
LF:4
LH:4
BRF:0
BRH:0
end_of_record
TN:
SF:/Users/gregor/work/trainings/angular-advanced-starter/src/app/products/products.service.ts
FN:10,(anonymous_0)
FN:13,ProductsService
FN:15,(anonymous_2)
FN:24,(anonymous_3)
FN:28,(anonymous_4)
FN:32,(anonymous_5)
FNF:6
FNH:2
FNDA:1,(anonymous_0)
FNDA:1,ProductsService
FNDA:0,(anonymous_2)
FNDA:0,(anonymous_3)
FNDA:0,(anonymous_4)
FNDA:0,(anonymous_5)
DA:1,1
DA:3,1
DA:5,1
DA:10,1
DA:11,1
DA:13,1
DA:15,1
DA:17,0
DA:21,0
DA:24,1
DA:25,0
DA:28,1
DA:29,0
DA:32,1
DA:33,0
DA:35,1
LF:16
LH:11
BRDA:15,0,0,0
BRDA:15,0,1,0
BRDA:18,1,0,0
BRDA:18,1,1,0
BRF:4
BRH:0
end_of_record
TN:
SF:/Users/gregor/work/trainings/angular-advanced-starter/src/app/products/product-details/product-details.component.ts
FN:13,(anonymous_0)
FN:17,ProductDetailsComponent
FN:23,(anonymous_2)
FN:24,(anonymous_3)
FN:31,(anonymous_4)
FN:32,(anonymous_5)
FN:35,(anonymous_6)
FN:40,(anonymous_7)
FNF:8
FNH:3
FNDA:1,(anonymous_0)
FNDA:1,ProductDetailsComponent
FNDA:1,(anonymous_2)
FNDA:0,(anonymous_3)
FNDA:0,(anonymous_4)
FNDA:0,(anonymous_5)
FNDA:0,(anonymous_6)
FNDA:0,(anonymous_7)
DA:1,1
DA:2,1
DA:4,1
DA:6,1
DA:13,1
DA:18,1
DA:19,1
DA:20,1
DA:23,1
DA:24,1
DA:31,1
DA:32,0
DA:35,1
DA:36,0
DA:37,0
DA:40,1
DA:41,0
DA:44,1
LF:18
LH:14
BRDA:36,0,0,0
BRDA:36,0,1,0
BRF:2
BRH:0
end_of_record
TN:
SF:/Users/gregor/work/trainings/angular-advanced-starter/src/app/products/product-empty/product-empty.component.ts
FN:10,(anonymous_0)
FN:12,ProductEmptyComponent
FN:14,(anonymous_2)
FNF:3
FNH:3
FNDA:1,(anonymous_0)
FNDA:1,ProductEmptyComponent
FNDA:1,(anonymous_2)
DA:1,1
DA:10,1
DA:14,1
DA:17,1
LF:4
LH:4
BRF:0
BRH:0
end_of_record
TN:
SF:/Users/gregor/work/trainings/angular-advanced-starter/src/app/products/product-list/product-list.component.ts
FN:13,(anonymous_0)
FN:18,ProductListComponent
FN:23,(anonymous_2)
FN:25,(anonymous_3)
FN:29,(anonymous_4)
FN:34,(anonymous_5)
FN:38,(anonymous_6)
FN:41,(anonymous_7)
FNF:8
FNH:3
FNDA:1,(anonymous_0)
FNDA:1,ProductListComponent
FNDA:1,(anonymous_2)
FNDA:0,(anonymous_3)
FNDA:0,(anonymous_4)
FNDA:0,(anonymous_5)
FNDA:0,(anonymous_6)
FNDA:0,(anonymous_7)
DA:1,1
DA:3,1
DA:4,1
DA:5,1
DA:6,1
DA:13,1
DA:16,1
DA:19,1
DA:20,1
DA:23,1
DA:24,1
DA:26,0
DA:29,0
DA:31,1
DA:35,0
DA:38,0
DA:41,1
DA:42,0
DA:44,1
LF:19
LH:14
BRF:0
BRH:0
end_of_record
TN:
SF:/Users/gregor/work/trainings/angular-advanced-starter/src/app/settings/settings.service.ts
FN:11,(anonymous_0)
FN:19,SettingsService
FN:21,(anonymous_2)
FN:25,(anonymous_3)
FN:29,(anonymous_4)
FN:34,(anonymous_5)
FNF:6
FNH:2
FNDA:1,(anonymous_0)
FNDA:3,SettingsService
FNDA:0,(anonymous_2)
FNDA:0,(anonymous_3)
FNDA:0,(anonymous_4)
FNDA:0,(anonymous_5)
DA:1,1
DA:2,1
DA:4,1
DA:5,1
DA:6,1
DA:11,1
DA:13,3
DA:14,3
DA:17,3
DA:19,3
DA:21,1
DA:22,0
DA:25,1
DA:26,0
DA:29,0
DA:34,1
DA:35,0
DA:37,0
DA:41,0
DA:46,0
DA:48,1
LF:21
LH:14
BRDA:35,0,0,0
BRDA:35,0,1,0
BRF:2
BRH:0
end_of_record
TN:
SF:/Users/gregor/work/trainings/angular-advanced-starter/src/app/shared/input-integer/input-integer.component.ts
FN:23,(anonymous_0)
FN:11,InputIntegerComponent
FN:52,(anonymous_2)
FN:40,(anonymous_3)
FN:56,(anonymous_4)
FN:69,(anonymous_5)
FN:79,(anonymous_6)
FN:86,(anonymous_7)
FN:96,(anonymous_8)
FN:19,(anonymous_9)
FNF:10
FNH:3
FNDA:1,(anonymous_0)
FNDA:1,InputIntegerComponent
FNDA:0,(anonymous_2)
FNDA:0,(anonymous_3)
FNDA:0,(anonymous_4)
FNDA:0,(anonymous_5)
FNDA:0,(anonymous_6)
FNDA:0,(anonymous_7)
FNDA:0,(anonymous_8)
FNDA:1,(anonymous_9)
DA:1,1
DA:8,1
DA:9,1
DA:19,1
DA:23,1
DA:24,1
DA:31,1
DA:34,1
DA:37,2
DA:40,2
DA:43,0
DA:44,0
DA:46,0
DA:47,0
DA:53,0
DA:56,1
DA:58,0
DA:69,1
DA:70,0
DA:73,0
DA:79,1
DA:80,0
DA:86,1
DA:87,0
DA:96,1
DA:97,0
DA:98,0
DA:101,0
DA:103,1
LF:29
LH:16
BRDA:43,0,0,0
BRDA:43,0,1,0
BRDA:43,1,0,0
BRDA:43,1,1,0
BRDA:43,1,2,0
BRDA:46,2,0,0
BRDA:46,2,1,0
BRDA:97,3,0,0
BRDA:97,3,1,0
BRDA:97,4,0,0
BRDA:97,4,1,0
BRF:11
BRH:0
end_of_record
TN:
SF:/Users/gregor/work/trainings/angular-advanced-starter/src/app/shared/modal/modal.component.ts
FN:9,(anonymous_0)
FN:16,ModalComponent
FN:18,(anonymous_2)
FNF:3
FNH:1
FNDA:1,(anonymous_0)
FNDA:0,ModalComponent
FNDA:0,(anonymous_2)
DA:1,1
DA:9,1
DA:11,1
DA:13,1
DA:14,1
DA:18,1
DA:21,1
LF:7
LH:7
BRF:0
BRH:0
end_of_record
TN:
SF:/Users/gregor/work/trainings/angular-advanced-starter/src/app/shared/modal/modal.service.ts
FN:11,(anonymous_0)
FN:13,ModalService
FN:16,(anonymous_2)
FN:21,(anonymous_3)
FN:23,(anonymous_4)
FN:27,(anonymous_5)
FN:36,(anonymous_6)
FN:37,(anonymous_7)
FNF:8
FNH:2
FNDA:1,(anonymous_0)
FNDA:1,ModalService
FNDA:0,(anonymous_2)
FNDA:0,(anonymous_3)
FNDA:0,(anonymous_4)
FNDA:0,(anonymous_5)
FNDA:0,(anonymous_6)
FNDA:0,(anonymous_7)
DA:1,1
DA:3,1
DA:4,1
DA:6,1
DA:11,1
DA:13,1
DA:14,1
DA:16,1
DA:17,0
DA:18,0
DA:21,1
DA:22,0
DA:23,0
DA:27,1
DA:28,0
DA:30,0
DA:33,0
DA:35,0
DA:36,0
DA:37,0
DA:39,0
DA:41,1
LF:22
LH:11
BRDA:17,0,0,0
BRDA:17,0,1,0
BRF:2
BRH:0
end_of_record
TN:
SF:/Users/gregor/work/trainings/angular-advanced-starter/src/app/shared/modal/host/host-element.service.ts
FN:7,(anonymous_0)
FN:4,HostElementService
FN:11,(anonymous_2)
FNF:3
FNH:3
FNDA:1,(anonymous_0)
FNDA:5,HostElementService
FNDA:3,(anonymous_2)
DA:1,1
DA:2,1
DA:7,1
DA:8,5
DA:9,5
DA:11,1
DA:12,3
DA:14,1
LF:8
LH:8
BRF:0
BRH:0
end_of_record
TN:
SF:/Users/gregor/work/trainings/angular-advanced-starter/src/app/shared/utils/utils.ts
FN:4,isEmpty
FN:8,getFloat
FN:21,getInt
FN:34,roundToDecimal
FN:47,cutToDecimal
FNF:5
FNH:0
FNDA:0,isEmpty
FNDA:0,getFloat
FNDA:0,getInt
FNDA:0,roundToDecimal
FNDA:0,cutToDecimal
DA:1,1
DA:2,1
DA:4,1
DA:5,0
DA:8,1
DA:9,0
DA:10,0
DA:13,0
DA:14,0
DA:17,0
DA:21,1
DA:22,0
DA:23,0
DA:26,0
DA:27,0
DA:30,0
DA:34,1
DA:35,0
DA:36,0
DA:37,0
DA:38,0
DA:40,0
DA:41,0
DA:44,0
DA:47,1
DA:49,0
DA:50,0
DA:54,0
DA:56,0
DA:57,0
LF:30
LH:7
BRDA:5,0,0,0
BRDA:5,0,1,0
BRDA:5,0,2,0
BRDA:8,1,0,0
BRDA:8,1,1,0
BRDA:9,2,0,0
BRDA:9,2,1,0
BRDA:13,3,0,0
BRDA:13,3,1,0
BRDA:22,4,0,0
BRDA:22,4,1,0
BRDA:26,5,0,0
BRDA:26,5,1,0
BRDA:40,6,0,0
BRDA:40,6,1,0
BRDA:49,7,0,0
BRDA:49,7,1,0
BRDA:49,8,0,0
BRDA:49,8,1,0
BRF:19
BRH:0
end_of_record
TN:
SF:/Users/gregor/work/trainings/angular-advanced-starter/src/environments/environment.ts
FNF:0
FNH:0
DA:6,1
LF:1
LH:1
BRF:0
BRH:0
end_of_record
